<?xml version="1.0" encoding="UTF-8"?>
<testng-results skipped="0" failed="3" total="5" passed="2">
  <reporter-output>
  </reporter-output>
  <suite name="Default suite" duration-ms="96609" started-at="2017-01-05T12:47:14Z" finished-at="2017-01-05T12:48:51Z">
    <groups>
    </groups>
    <test name="Default test" duration-ms="96609" started-at="2017-01-05T12:47:14Z" finished-at="2017-01-05T12:48:51Z">
      <class name="niki_ai.nikiApp">
        <test-method status="PASS" signature="setup()[pri:0, instance:niki_ai.nikiApp@2acf57e3]" name="setup" is-config="true" duration-ms="36161" started-at="2017-01-05T18:17:14Z" finished-at="2017-01-05T18:17:51Z">
          <reporter-output>
          </reporter-output>
        </test-method> <!-- setup -->
        <test-method status="PASS" signature="addUserName()[pri:0, instance:niki_ai.nikiApp@2acf57e3]" name="addUserName" duration-ms="12123" started-at="2017-01-05T18:17:51Z" finished-at="2017-01-05T18:18:03Z">
          <reporter-output>
          </reporter-output>
        </test-method> <!-- addUserName -->
        <test-method status="FAIL" signature="blankUserName()[pri:0, instance:niki_ai.nikiApp@2acf57e3]" name="blankUserName" duration-ms="5346" started-at="2017-01-05T18:18:03Z" finished-at="2017-01-05T18:18:08Z">
          <exception class="org.openqa.selenium.NoSuchElementException">
            <message>
              <![CDATA[An element could not be located on the page using the given search parameters. (WARNING: The server did not provide any stacktrace information)
Command duration or timeout: 5.34 seconds
For documentation on this error, please visit: http://seleniumhq.org/exceptions/no_such_element.html
Build info: version: '2.48.2', revision: '41bccdd', time: '2015-10-09 19:55:52'
System info: host: 'DESKTOP-9IAM8ES', ip: '10.1.10.129', os.name: 'Windows 10', os.arch: 'amd64', os.version: '10.0', java.version: '1.8.0_65'
Driver info: org.openqa.selenium.remote.RemoteWebDriver
Capabilities [{app=C:\Users\Zelo-Tech-LP11\workspace\niki_ai\niki_ai_app-debug.apk, appPackage=com.nikiapp, networkConnectionEnabled=true, warnings={}, databaseEnabled=false, deviceName=7c69eeba, version=5.0.2, platform=LINUX, desired={app=C:\Users\Zelo-Tech-LP11\workspace\niki_ai\niki_ai_app-debug.apk, appPackage=com.nikiapp, platformName=Android, deviceName=MI 4I, version=5.0.2}, platformVersion=5.0.2, webStorageEnabled=false, locationContextEnabled=false, browserName=Android, takesScreenshot=true, javascriptEnabled=true, platformName=Android}]
Session ID: f190f704-7657-4fb5-bf17-59e787da28f4
*** Element info: {Using=id, value=com.nikiapp:id/login_username}]]>
            </message>
            <full-stacktrace>
              <![CDATA[org.openqa.selenium.NoSuchElementException: An element could not be located on the page using the given search parameters. (WARNING: The server did not provide any stacktrace information)
Command duration or timeout: 5.34 seconds
For documentation on this error, please visit: http://seleniumhq.org/exceptions/no_such_element.html
Build info: version: '2.48.2', revision: '41bccdd', time: '2015-10-09 19:55:52'
System info: host: 'DESKTOP-9IAM8ES', ip: '10.1.10.129', os.name: 'Windows 10', os.arch: 'amd64', os.version: '10.0', java.version: '1.8.0_65'
Driver info: org.openqa.selenium.remote.RemoteWebDriver
Capabilities [{app=C:\Users\Zelo-Tech-LP11\workspace\niki_ai\niki_ai_app-debug.apk, appPackage=com.nikiapp, networkConnectionEnabled=true, warnings={}, databaseEnabled=false, deviceName=7c69eeba, version=5.0.2, platform=LINUX, desired={app=C:\Users\Zelo-Tech-LP11\workspace\niki_ai\niki_ai_app-debug.apk, appPackage=com.nikiapp, platformName=Android, deviceName=MI 4I, version=5.0.2}, platformVersion=5.0.2, webStorageEnabled=false, locationContextEnabled=false, browserName=Android, takesScreenshot=true, javascriptEnabled=true, platformName=Android}]
Session ID: f190f704-7657-4fb5-bf17-59e787da28f4
*** Element info: {Using=id, value=com.nikiapp:id/login_username}
	at sun.reflect.NativeConstructorAccessorImpl.newInstance0(Native Method)
	at sun.reflect.NativeConstructorAccessorImpl.newInstance(Unknown Source)
	at sun.reflect.DelegatingConstructorAccessorImpl.newInstance(Unknown Source)
	at java.lang.reflect.Constructor.newInstance(Unknown Source)
	at org.openqa.selenium.remote.ErrorHandler.createThrowable(ErrorHandler.java:206)
	at org.openqa.selenium.remote.ErrorHandler.throwIfResponseFailed(ErrorHandler.java:158)
	at org.openqa.selenium.remote.RemoteWebDriver.execute(RemoteWebDriver.java:647)
	at org.openqa.selenium.remote.RemoteWebDriver.findElement(RemoteWebDriver.java:353)
	at org.openqa.selenium.remote.RemoteWebDriver.findElementById(RemoteWebDriver.java:403)
	at org.openqa.selenium.By$ById.findElement(By.java:218)
	at org.openqa.selenium.remote.RemoteWebDriver.findElement(RemoteWebDriver.java:345)
	at niki_ai.nikiApp.blankUserName(nikiApp.java:51)
	at sun.reflect.NativeMethodAccessorImpl.invoke0(Native Method)
	at sun.reflect.NativeMethodAccessorImpl.invoke(Unknown Source)
	at sun.reflect.DelegatingMethodAccessorImpl.invoke(Unknown Source)
	at java.lang.reflect.Method.invoke(Unknown Source)
	at org.testng.internal.MethodInvocationHelper.invokeMethod(MethodInvocationHelper.java:85)
	at org.testng.internal.Invoker.invokeMethod(Invoker.java:639)
	at org.testng.internal.Invoker.invokeTestMethod(Invoker.java:821)
	at org.testng.internal.Invoker.invokeTestMethods(Invoker.java:1131)
	at org.testng.internal.TestMethodWorker.invokeTestMethods(TestMethodWorker.java:124)
	at org.testng.internal.TestMethodWorker.run(TestMethodWorker.java:108)
	at org.testng.TestRunner.privateRun(TestRunner.java:773)
	at org.testng.TestRunner.run(TestRunner.java:623)
	at org.testng.SuiteRunner.runTest(SuiteRunner.java:357)
	at org.testng.SuiteRunner.runSequentially(SuiteRunner.java:352)
	at org.testng.SuiteRunner.privateRun(SuiteRunner.java:310)
	at org.testng.SuiteRunner.run(SuiteRunner.java:259)
	at org.testng.SuiteRunnerWorker.runSuite(SuiteRunnerWorker.java:52)
	at org.testng.SuiteRunnerWorker.run(SuiteRunnerWorker.java:86)
	at org.testng.TestNG.runSuitesSequentially(TestNG.java:1185)
	at org.testng.TestNG.runSuitesLocally(TestNG.java:1110)
	at org.testng.TestNG.run(TestNG.java:1018)
	at org.testng.remote.RemoteTestNG.run(RemoteTestNG.java:111)
	at org.testng.remote.RemoteTestNG.initAndRun(RemoteTestNG.java:204)
	at org.testng.remote.RemoteTestNG.main(RemoteTestNG.java:175)
]]>
            </full-stacktrace>
          </exception> <!-- org.openqa.selenium.NoSuchElementException -->
          <reporter-output>
          </reporter-output>
        </test-method> <!-- blankUserName -->
        <test-method status="PASS" signature="closeGroupChat()[pri:0, instance:niki_ai.nikiApp@2acf57e3]" name="closeGroupChat" duration-ms="9702" started-at="2017-01-05T18:18:08Z" finished-at="2017-01-05T18:18:18Z">
          <reporter-output>
          </reporter-output>
        </test-method> <!-- closeGroupChat -->
        <test-method status="FAIL" signature="openPrivateChat()[pri:0, instance:niki_ai.nikiApp@2acf57e3]" name="openPrivateChat" duration-ms="26793" started-at="2017-01-05T18:18:18Z" finished-at="2017-01-05T18:18:45Z">
          <exception class="org.openqa.selenium.NoSuchElementException">
            <message>
              <![CDATA[An element could not be located on the page using the given search parameters. (WARNING: The server did not provide any stacktrace information)
Command duration or timeout: 26.13 seconds
For documentation on this error, please visit: http://seleniumhq.org/exceptions/no_such_element.html
Build info: version: '2.48.2', revision: '41bccdd', time: '2015-10-09 19:55:52'
System info: host: 'DESKTOP-9IAM8ES', ip: '10.1.10.129', os.name: 'Windows 10', os.arch: 'amd64', os.version: '10.0', java.version: '1.8.0_65'
Driver info: org.openqa.selenium.remote.RemoteWebDriver
Capabilities [{app=C:\Users\Zelo-Tech-LP11\workspace\niki_ai\niki_ai_app-debug.apk, appPackage=com.nikiapp, networkConnectionEnabled=true, warnings={}, databaseEnabled=false, deviceName=7c69eeba, version=5.0.2, platform=LINUX, desired={app=C:\Users\Zelo-Tech-LP11\workspace\niki_ai\niki_ai_app-debug.apk, appPackage=com.nikiapp, platformName=Android, deviceName=MI 4I, version=5.0.2}, platformVersion=5.0.2, webStorageEnabled=false, locationContextEnabled=false, browserName=Android, takesScreenshot=true, javascriptEnabled=true, platformName=Android}]
Session ID: f190f704-7657-4fb5-bf17-59e787da28f4]]>
            </message>
            <full-stacktrace>
              <![CDATA[org.openqa.selenium.NoSuchElementException: An element could not be located on the page using the given search parameters. (WARNING: The server did not provide any stacktrace information)
Command duration or timeout: 26.13 seconds
For documentation on this error, please visit: http://seleniumhq.org/exceptions/no_such_element.html
Build info: version: '2.48.2', revision: '41bccdd', time: '2015-10-09 19:55:52'
System info: host: 'DESKTOP-9IAM8ES', ip: '10.1.10.129', os.name: 'Windows 10', os.arch: 'amd64', os.version: '10.0', java.version: '1.8.0_65'
Driver info: org.openqa.selenium.remote.RemoteWebDriver
Capabilities [{app=C:\Users\Zelo-Tech-LP11\workspace\niki_ai\niki_ai_app-debug.apk, appPackage=com.nikiapp, networkConnectionEnabled=true, warnings={}, databaseEnabled=false, deviceName=7c69eeba, version=5.0.2, platform=LINUX, desired={app=C:\Users\Zelo-Tech-LP11\workspace\niki_ai\niki_ai_app-debug.apk, appPackage=com.nikiapp, platformName=Android, deviceName=MI 4I, version=5.0.2}, platformVersion=5.0.2, webStorageEnabled=false, locationContextEnabled=false, browserName=Android, takesScreenshot=true, javascriptEnabled=true, platformName=Android}]
Session ID: f190f704-7657-4fb5-bf17-59e787da28f4
	at sun.reflect.NativeConstructorAccessorImpl.newInstance0(Native Method)
	at sun.reflect.NativeConstructorAccessorImpl.newInstance(Unknown Source)
	at sun.reflect.DelegatingConstructorAccessorImpl.newInstance(Unknown Source)
	at java.lang.reflect.Constructor.newInstance(Unknown Source)
	at org.openqa.selenium.remote.ErrorHandler.createThrowable(ErrorHandler.java:206)
	at org.openqa.selenium.remote.ErrorHandler.throwIfResponseFailed(ErrorHandler.java:158)
	at org.openqa.selenium.remote.RemoteWebDriver.execute(RemoteWebDriver.java:647)
	at org.openqa.selenium.remote.RemoteWebElement.execute(RemoteWebElement.java:326)
	at org.openqa.selenium.remote.RemoteWebElement.sendKeys(RemoteWebElement.java:121)
	at niki_ai.nikiApp.openPrivateChat(nikiApp.java:98)
	at sun.reflect.NativeMethodAccessorImpl.invoke0(Native Method)
	at sun.reflect.NativeMethodAccessorImpl.invoke(Unknown Source)
	at sun.reflect.DelegatingMethodAccessorImpl.invoke(Unknown Source)
	at java.lang.reflect.Method.invoke(Unknown Source)
	at org.testng.internal.MethodInvocationHelper.invokeMethod(MethodInvocationHelper.java:85)
	at org.testng.internal.Invoker.invokeMethod(Invoker.java:639)
	at org.testng.internal.Invoker.invokeTestMethod(Invoker.java:821)
	at org.testng.internal.Invoker.invokeTestMethods(Invoker.java:1131)
	at org.testng.internal.TestMethodWorker.invokeTestMethods(TestMethodWorker.java:124)
	at org.testng.internal.TestMethodWorker.run(TestMethodWorker.java:108)
	at org.testng.TestRunner.privateRun(TestRunner.java:773)
	at org.testng.TestRunner.run(TestRunner.java:623)
	at org.testng.SuiteRunner.runTest(SuiteRunner.java:357)
	at org.testng.SuiteRunner.runSequentially(SuiteRunner.java:352)
	at org.testng.SuiteRunner.privateRun(SuiteRunner.java:310)
	at org.testng.SuiteRunner.run(SuiteRunner.java:259)
	at org.testng.SuiteRunnerWorker.runSuite(SuiteRunnerWorker.java:52)
	at org.testng.SuiteRunnerWorker.run(SuiteRunnerWorker.java:86)
	at org.testng.TestNG.runSuitesSequentially(TestNG.java:1185)
	at org.testng.TestNG.runSuitesLocally(TestNG.java:1110)
	at org.testng.TestNG.run(TestNG.java:1018)
	at org.testng.remote.RemoteTestNG.run(RemoteTestNG.java:111)
	at org.testng.remote.RemoteTestNG.initAndRun(RemoteTestNG.java:204)
	at org.testng.remote.RemoteTestNG.main(RemoteTestNG.java:175)
]]>
            </full-stacktrace>
          </exception> <!-- org.openqa.selenium.NoSuchElementException -->
          <reporter-output>
          </reporter-output>
        </test-method> <!-- openPrivateChat -->
        <test-method status="FAIL" signature="privateChat()[pri:0, instance:niki_ai.nikiApp@2acf57e3]" name="privateChat" duration-ms="5810" started-at="2017-01-05T18:18:45Z" finished-at="2017-01-05T18:18:50Z">
          <exception class="org.openqa.selenium.NoSuchElementException">
            <message>
              <![CDATA[An element could not be located on the page using the given search parameters. (WARNING: The server did not provide any stacktrace information)
Command duration or timeout: 5.37 seconds
For documentation on this error, please visit: http://seleniumhq.org/exceptions/no_such_element.html
Build info: version: '2.48.2', revision: '41bccdd', time: '2015-10-09 19:55:52'
System info: host: 'DESKTOP-9IAM8ES', ip: '10.1.10.129', os.name: 'Windows 10', os.arch: 'amd64', os.version: '10.0', java.version: '1.8.0_65'
Driver info: org.openqa.selenium.remote.RemoteWebDriver
Capabilities [{app=C:\Users\Zelo-Tech-LP11\workspace\niki_ai\niki_ai_app-debug.apk, appPackage=com.nikiapp, networkConnectionEnabled=true, warnings={}, databaseEnabled=false, deviceName=7c69eeba, version=5.0.2, platform=LINUX, desired={app=C:\Users\Zelo-Tech-LP11\workspace\niki_ai\niki_ai_app-debug.apk, appPackage=com.nikiapp, platformName=Android, deviceName=MI 4I, version=5.0.2}, platformVersion=5.0.2, webStorageEnabled=false, locationContextEnabled=false, browserName=Android, takesScreenshot=true, javascriptEnabled=true, platformName=Android}]
Session ID: f190f704-7657-4fb5-bf17-59e787da28f4
*** Element info: {Using=id, value=com.nikiapp:id/privateChat}]]>
            </message>
            <full-stacktrace>
              <![CDATA[org.openqa.selenium.NoSuchElementException: An element could not be located on the page using the given search parameters. (WARNING: The server did not provide any stacktrace information)
Command duration or timeout: 5.37 seconds
For documentation on this error, please visit: http://seleniumhq.org/exceptions/no_such_element.html
Build info: version: '2.48.2', revision: '41bccdd', time: '2015-10-09 19:55:52'
System info: host: 'DESKTOP-9IAM8ES', ip: '10.1.10.129', os.name: 'Windows 10', os.arch: 'amd64', os.version: '10.0', java.version: '1.8.0_65'
Driver info: org.openqa.selenium.remote.RemoteWebDriver
Capabilities [{app=C:\Users\Zelo-Tech-LP11\workspace\niki_ai\niki_ai_app-debug.apk, appPackage=com.nikiapp, networkConnectionEnabled=true, warnings={}, databaseEnabled=false, deviceName=7c69eeba, version=5.0.2, platform=LINUX, desired={app=C:\Users\Zelo-Tech-LP11\workspace\niki_ai\niki_ai_app-debug.apk, appPackage=com.nikiapp, platformName=Android, deviceName=MI 4I, version=5.0.2}, platformVersion=5.0.2, webStorageEnabled=false, locationContextEnabled=false, browserName=Android, takesScreenshot=true, javascriptEnabled=true, platformName=Android}]
Session ID: f190f704-7657-4fb5-bf17-59e787da28f4
*** Element info: {Using=id, value=com.nikiapp:id/privateChat}
	at sun.reflect.NativeConstructorAccessorImpl.newInstance0(Native Method)
	at sun.reflect.NativeConstructorAccessorImpl.newInstance(Unknown Source)
	at sun.reflect.DelegatingConstructorAccessorImpl.newInstance(Unknown Source)
	at java.lang.reflect.Constructor.newInstance(Unknown Source)
	at org.openqa.selenium.remote.ErrorHandler.createThrowable(ErrorHandler.java:206)
	at org.openqa.selenium.remote.ErrorHandler.throwIfResponseFailed(ErrorHandler.java:158)
	at org.openqa.selenium.remote.RemoteWebDriver.execute(RemoteWebDriver.java:647)
	at org.openqa.selenium.remote.RemoteWebDriver.findElement(RemoteWebDriver.java:353)
	at org.openqa.selenium.remote.RemoteWebDriver.findElementById(RemoteWebDriver.java:403)
	at org.openqa.selenium.By$ById.findElement(By.java:218)
	at org.openqa.selenium.remote.RemoteWebDriver.findElement(RemoteWebDriver.java:345)
	at niki_ai.nikiApp.privateChat(nikiApp.java:88)
	at sun.reflect.NativeMethodAccessorImpl.invoke0(Native Method)
	at sun.reflect.NativeMethodAccessorImpl.invoke(Unknown Source)
	at sun.reflect.DelegatingMethodAccessorImpl.invoke(Unknown Source)
	at java.lang.reflect.Method.invoke(Unknown Source)
	at org.testng.internal.MethodInvocationHelper.invokeMethod(MethodInvocationHelper.java:85)
	at org.testng.internal.Invoker.invokeMethod(Invoker.java:639)
	at org.testng.internal.Invoker.invokeTestMethod(Invoker.java:821)
	at org.testng.internal.Invoker.invokeTestMethods(Invoker.java:1131)
	at org.testng.internal.TestMethodWorker.invokeTestMethods(TestMethodWorker.java:124)
	at org.testng.internal.TestMethodWorker.run(TestMethodWorker.java:108)
	at org.testng.TestRunner.privateRun(TestRunner.java:773)
	at org.testng.TestRunner.run(TestRunner.java:623)
	at org.testng.SuiteRunner.runTest(SuiteRunner.java:357)
	at org.testng.SuiteRunner.runSequentially(SuiteRunner.java:352)
	at org.testng.SuiteRunner.privateRun(SuiteRunner.java:310)
	at org.testng.SuiteRunner.run(SuiteRunner.java:259)
	at org.testng.SuiteRunnerWorker.runSuite(SuiteRunnerWorker.java:52)
	at org.testng.SuiteRunnerWorker.run(SuiteRunnerWorker.java:86)
	at org.testng.TestNG.runSuitesSequentially(TestNG.java:1185)
	at org.testng.TestNG.runSuitesLocally(TestNG.java:1110)
	at org.testng.TestNG.run(TestNG.java:1018)
	at org.testng.remote.RemoteTestNG.run(RemoteTestNG.java:111)
	at org.testng.remote.RemoteTestNG.initAndRun(RemoteTestNG.java:204)
	at org.testng.remote.RemoteTestNG.main(RemoteTestNG.java:175)
]]>
            </full-stacktrace>
          </exception> <!-- org.openqa.selenium.NoSuchElementException -->
          <reporter-output>
          </reporter-output>
        </test-method> <!-- privateChat -->
        <test-method status="PASS" signature="end()[pri:0, instance:niki_ai.nikiApp@2acf57e3]" name="end" is-config="true" duration-ms="620" started-at="2017-01-05T18:18:50Z" finished-at="2017-01-05T18:18:51Z">
          <reporter-output>
          </reporter-output>
        </test-method> <!-- end -->
      </class> <!-- niki_ai.nikiApp -->
    </test> <!-- Default test -->
  </suite> <!-- Default suite -->
</testng-results>
